<?xml version="1.0" encoding="UTF-8"?>
<!-- Generated by org.testng.reporters.JUnitReportReporter -->
<testsuite hostname="ICS-LTP-VELSEL" failures="0" tests="4" name="Day1.Httprequest" time="9.278" errors="0" timestamp="2024-01-10T15:23:29 NZDT" skipped="0">
  <testcase classname="Day1.Httprequest" name="createuser" time="7.385"/>
  <testcase classname="Day1.Httprequest" name="getusers" time="0.452"/>
  <testcase classname="Day1.Httprequest" name="updateuser" time="0.722"/>
  <testcase classname="Day1.Httprequest" name="deleteuser" time="0.719"/>
</testsuite> <!-- Day1.Httprequest -->
