<?xml version="1.0" encoding="UTF-8"?>
<!-- Generated by org.testng.reporters.JUnitReportReporter -->
<testsuite hostname="ICS-LTP-VELSEL" failures="0" tests="1" name="Day6_SchemaValidation.Schemavalidation" time="6.224" errors="0" timestamp="2024-01-13T09:53:50 NZDT" skipped="0">
  <testcase classname="Day6_SchemaValidation.Schemavalidation" name="jsonschemavalidation" time="6.224"/>
</testsuite> <!-- Day6_SchemaValidation.Schemavalidation -->
