<?xml version="1.0" encoding="UTF-8"?>
<!-- Generated by org.testng.reporters.JUnitReportReporter -->
<testsuite hostname="ICS-LTP-VELSEL" failures="0" tests="1" name="Day3.Pathandqueryparam" time="5.359" errors="0" timestamp="2024-01-11T17:32:00 NZDT" skipped="0">
  <testcase classname="Day3.Pathandqueryparam" name="testqueryandpathparam" time="5.359"/>
</testsuite> <!-- Day3.Pathandqueryparam -->
