<?xml version="1.0" encoding="UTF-8"?>
<!-- Generated by org.testng.reporters.JUnitReportReporter -->
<testsuite hostname="ICS-LTP-VELSEL" failures="0" tests="1" name="Day7_Auth.Fakerdatagenerator" time="0.327" errors="0" timestamp="2024-01-14T23:11:34 NZDT" skipped="0">
  <testcase classname="Day7_Auth.Fakerdatagenerator" name="testgeneratedummydata" time="0.327"/>
</testsuite> <!-- Day7_Auth.Fakerdatagenerator -->
