<?xml version="1.0" encoding="UTF-8"?>
<!-- Generated by org.testng.reporters.JUnitReportReporter -->
<testsuite hostname="ICS-LTP-VELSEL" failures="0" tests="4" name="Day4.Parsingjsonresponsedata" time="3.519" errors="0" timestamp="2024-01-12T14:02:24 NZDT" skipped="3">
  <testcase classname="Day4.Parsingjsonresponsedata" name="testjsonresponse4" time="3.519"/>
  <testcase classname="Day4.Parsingjsonresponsedata" name="testjsonresponse2">
    <skipped/>
  </testcase> <!-- testjsonresponse2 -->
  <testcase classname="Day4.Parsingjsonresponsedata" name="testjsonresponse3">
    <skipped/>
  </testcase> <!-- testjsonresponse3 -->
  <testcase classname="Day4.Parsingjsonresponsedata" name="testjsonresponse">
    <skipped/>
  </testcase> <!-- testjsonresponse -->
</testsuite> <!-- Day4.Parsingjsonresponsedata -->
