<?xml version="1.0" encoding="UTF-8"?>
<!-- Generated by org.testng.reporters.JUnitReportReporter -->
<testsuite hostname="ICS-LTP-VELSEL" failures="0" tests="1" name="Day3.Cookiesdemo" time="6.124" errors="0" timestamp="2024-01-11T17:37:32 NZDT" skipped="0">
  <testcase classname="Day3.Cookiesdemo" name="testcookies" time="6.124"/>
</testsuite> <!-- Day3.Cookiesdemo -->
