<?xml version="1.0" encoding="UTF-8"?>
<!-- Generated by org.testng.reporters.JUnitReportReporter -->
<testsuite hostname="ICS-LTP-VELSEL" failures="0" tests="2" name="Day2.Postreqways" time="4.300" errors="0" timestamp="2024-01-11T13:28:10 NZDT" skipped="0">
  <testcase classname="Day2.Postreqways" name="testpostusingexternaljson" time="4.211"/>
  <testcase classname="Day2.Postreqways" name="testdelete" time="0.089"/>
</testsuite> <!-- Day2.Postreqways -->
